<?xml version="1.0" encoding="UTF-8"?>
<testsuite name="com.kumar.spring.boot.SpringBootGradleApplicationTests" tests="1" skipped="0" failures="0" errors="0" timestamp="2021-07-25T09:53:18" hostname="SONY-VAIO" time="0.719">
  <properties/>
  <testcase name="contextLoads()" classname="com.kumar.spring.boot.SpringBootGradleApplicationTests" time="0.719"/>
  <system-out><![CDATA[15:23:12.693 [Test worker] DEBUG org.springframework.test.context.BootstrapUtils - Instantiating CacheAwareContextLoaderDelegate from class [org.springframework.test.context.cache.DefaultCacheAwareContextLoaderDelegate]
15:23:12.715 [Test worker] DEBUG org.springframework.test.context.BootstrapUtils - Instantiating BootstrapContext using constructor [public org.springframework.test.context.support.DefaultBootstrapContext(java.lang.Class,org.springframework.test.context.CacheAwareContextLoaderDelegate)]
15:23:12.773 [Test worker] DEBUG org.springframework.test.context.BootstrapUtils - Instantiating TestContextBootstrapper for test class [com.kumar.spring.boot.SpringBootGradleApplicationTests] from class [org.springframework.boot.test.context.SpringBootTestContextBootstrapper]
15:23:12.794 [Test worker] INFO org.springframework.boot.test.context.SpringBootTestContextBootstrapper - Neither @ContextConfiguration nor @ContextHierarchy found for test class [com.kumar.spring.boot.SpringBootGradleApplicationTests], using SpringBootContextLoader
15:23:12.800 [Test worker] DEBUG org.springframework.test.context.support.AbstractContextLoader - Did not detect default resource location for test class [com.kumar.spring.boot.SpringBootGradleApplicationTests]: class path resource [com/kumar/spring/boot/SpringBootGradleApplicationTests-context.xml] does not exist
15:23:12.802 [Test worker] DEBUG org.springframework.test.context.support.AbstractContextLoader - Did not detect default resource location for test class [com.kumar.spring.boot.SpringBootGradleApplicationTests]: class path resource [com/kumar/spring/boot/SpringBootGradleApplicationTestsContext.groovy] does not exist
15:23:12.802 [Test worker] INFO org.springframework.test.context.support.AbstractContextLoader - Could not detect default resource locations for test class [com.kumar.spring.boot.SpringBootGradleApplicationTests]: no resource found for suffixes {-context.xml, Context.groovy}.
15:23:12.803 [Test worker] INFO org.springframework.test.context.support.AnnotationConfigContextLoaderUtils - Could not detect default configuration classes for test class [com.kumar.spring.boot.SpringBootGradleApplicationTests]: SpringBootGradleApplicationTests does not declare any static, non-private, non-final, nested classes annotated with @Configuration.
15:23:12.885 [Test worker] DEBUG org.springframework.test.context.support.ActiveProfilesUtils - Could not find an 'annotation declaring class' for annotation type [org.springframework.test.context.ActiveProfiles] and class [com.kumar.spring.boot.SpringBootGradleApplicationTests]
15:23:13.007 [Test worker] DEBUG org.springframework.context.annotation.ClassPathScanningCandidateComponentProvider - Identified candidate component class: file [E:\KUMAR\Practice\SprinBoot\SpringBootGradle\build\classes\java\main\com\kumar\spring\boot\SpringBootGradleApplication.class]
15:23:13.009 [Test worker] INFO org.springframework.boot.test.context.SpringBootTestContextBootstrapper - Found @SpringBootConfiguration com.kumar.spring.boot.SpringBootGradleApplication for test class com.kumar.spring.boot.SpringBootGradleApplicationTests
15:23:13.532 [Test worker] DEBUG org.springframework.boot.test.context.SpringBootTestContextBootstrapper - @TestExecutionListeners is not present for class [com.kumar.spring.boot.SpringBootGradleApplicationTests]: using defaults.
15:23:13.534 [Test worker] INFO org.springframework.boot.test.context.SpringBootTestContextBootstrapper - Loaded default TestExecutionListener class names from location [META-INF/spring.factories]: [org.springframework.boot.test.autoconfigure.restdocs.RestDocsTestExecutionListener, org.springframework.boot.test.autoconfigure.web.client.MockRestServiceServerResetTestExecutionListener, org.springframework.boot.test.autoconfigure.web.servlet.MockMvcPrintOnlyOnFailureTestExecutionListener, org.springframework.boot.test.autoconfigure.web.servlet.WebDriverTestExecutionListener, org.springframework.boot.test.autoconfigure.webservices.client.MockWebServiceServerTestExecutionListener, org.springframework.boot.test.mock.mockito.MockitoTestExecutionListener, org.springframework.boot.test.mock.mockito.ResetMocksTestExecutionListener, org.springframework.test.context.web.ServletTestExecutionListener, org.springframework.test.context.support.DirtiesContextBeforeModesTestExecutionListener, org.springframework.test.context.event.ApplicationEventsTestExecutionListener, org.springframework.test.context.support.DependencyInjectionTestExecutionListener, org.springframework.test.context.support.DirtiesContextTestExecutionListener, org.springframework.test.context.transaction.TransactionalTestExecutionListener, org.springframework.test.context.jdbc.SqlScriptsTestExecutionListener, org.springframework.test.context.event.EventPublishingTestExecutionListener]
15:23:13.565 [Test worker] DEBUG org.springframework.boot.test.context.SpringBootTestContextBootstrapper - Skipping candidate TestExecutionListener [org.springframework.test.context.transaction.TransactionalTestExecutionListener] due to a missing dependency. Specify custom listener classes or make the default listener classes and their required dependencies available. Offending class: [org/springframework/transaction/interceptor/TransactionAttributeSource]
15:23:13.567 [Test worker] DEBUG org.springframework.boot.test.context.SpringBootTestContextBootstrapper - Skipping candidate TestExecutionListener [org.springframework.test.context.jdbc.SqlScriptsTestExecutionListener] due to a missing dependency. Specify custom listener classes or make the default listener classes and their required dependencies available. Offending class: [org/springframework/transaction/interceptor/TransactionAttribute]
15:23:13.568 [Test worker] INFO org.springframework.boot.test.context.SpringBootTestContextBootstrapper - Using TestExecutionListeners: [org.springframework.test.context.web.ServletTestExecutionListener@224a46f3, org.springframework.test.context.support.DirtiesContextBeforeModesTestExecutionListener@7e28e630, org.springframework.test.context.event.ApplicationEventsTestExecutionListener@6b87b4a5, org.springframework.boot.test.mock.mockito.MockitoTestExecutionListener@6d235af6, org.springframework.boot.test.autoconfigure.SpringBootDependencyInjectionTestExecutionListener@1d2ee47f, org.springframework.test.context.support.DirtiesContextTestExecutionListener@248e888c, org.springframework.test.context.event.EventPublishingTestExecutionListener@727a3224, org.springframework.boot.test.autoconfigure.restdocs.RestDocsTestExecutionListener@5793277, org.springframework.boot.test.autoconfigure.web.client.MockRestServiceServerResetTestExecutionListener@6f9e23bb, org.springframework.boot.test.autoconfigure.web.servlet.MockMvcPrintOnlyOnFailureTestExecutionListener@3f041c2c, org.springframework.boot.test.autoconfigure.web.servlet.WebDriverTestExecutionListener@1cccf2fa, org.springframework.boot.test.autoconfigure.webservices.client.MockWebServiceServerTestExecutionListener@50ea819e, org.springframework.boot.test.mock.mockito.ResetMocksTestExecutionListener@4e77f3c3]
15:23:13.578 [Test worker] DEBUG org.springframework.test.context.support.AbstractDirtiesContextTestExecutionListener - Before test class: context [DefaultTestContext@19741d9 testClass = SpringBootGradleApplicationTests, testInstance = [null], testMethod = [null], testException = [null], mergedContextConfiguration = [WebMergedContextConfiguration@3d7e6e7d testClass = SpringBootGradleApplicationTests, locations = '{}', classes = '{class com.kumar.spring.boot.SpringBootGradleApplication}', contextInitializerClasses = '[]', activeProfiles = '{}', propertySourceLocations = '{}', propertySourceProperties = '{org.springframework.boot.test.context.SpringBootTestContextBootstrapper=true}', contextCustomizers = set[org.springframework.boot.test.autoconfigure.actuate.metrics.MetricsExportContextCustomizerFactory$DisableMetricExportContextCustomizer@411f3590, org.springframework.boot.test.autoconfigure.properties.PropertyMappingContextCustomizer@0, org.springframework.boot.test.autoconfigure.web.servlet.WebDriverContextCustomizerFactory$Customizer@562f21f0, org.springframework.boot.test.context.filter.ExcludeFilterContextCustomizer@1f1ccf02, org.springframework.boot.test.json.DuplicateJsonObjectContextCustomizerFactory$DuplicateJsonObjectContextCustomizer@6cfd2f7e, org.springframework.boot.test.mock.mockito.MockitoContextCustomizer@0, org.springframework.boot.test.web.client.TestRestTemplateContextCustomizer@658b2a2b, org.springframework.boot.test.context.SpringBootTestArgs@1, org.springframework.boot.test.context.SpringBootTestWebEnvironment@2e8ef5d8], resourceBasePath = 'src/main/webapp', contextLoader = 'org.springframework.boot.test.context.SpringBootContextLoader', parent = [null]], attributes = map['org.springframework.test.context.web.ServletTestExecutionListener.activateListener' -> true]], class annotated with @DirtiesContext [false] with mode [null].
15:23:13.657 [Test worker] DEBUG org.springframework.test.context.support.TestPropertySourceUtils - Adding inlined properties to environment: {spring.jmx.enabled=false, org.springframework.boot.test.context.SpringBootTestContextBootstrapper=true}

  .   ____          _            __ _ _
 /\\ / ___'_ __ _ _(_)_ __  __ _ \ \ \ \
( ( )\___ | '_ | '_| | '_ \/ _` | \ \ \ \
 \\/  ___)| |_)| | | | | || (_| |  ) ) ) )
  '  |____| .__|_| |_|_| |_\__, | / / / /
 =========|_|==============|___/=/_/_/_/
 :: Spring Boot ::                (v2.5.3)

2021-07-25 15:23:14.570  INFO 10236 --- [    Test worker] c.k.s.b.SpringBootGradleApplicationTests : Starting SpringBootGradleApplicationTests using Java 11 on SONY-VAIO with PID 10236 (started by KUMAR in E:\KUMAR\Practice\SprinBoot\SpringBootGradle)
2021-07-25 15:23:14.577  INFO 10236 --- [    Test worker] c.k.s.b.SpringBootGradleApplicationTests : No active profile set, falling back to default profiles: default
2021-07-25 15:23:18.414  INFO 10236 --- [    Test worker] c.k.s.b.SpringBootGradleApplicationTests : Started SpringBootGradleApplicationTests in 4.74 seconds (JVM running for 7.458)
]]></system-out>
  <system-err><![CDATA[]]></system-err>
</testsuite>
